This is pdfTeX, Version 3.1415926-2.5-1.40.14 (TeX Live 2013/Debian) (format=pdflatex 2015.5.20)  7 DEC 2015 15:22
entering extended mode
 restricted \write18 enabled.
 %&-line parsing enabled.
**Report.tex
(./Report.tex
LaTeX2e <2011/06/27>
Babel <3.9h> and hyphenation patterns for 78 languages loaded.
(/usr/share/texlive/texmf-dist/tex/latex/base/article.cls
Document Class: article 2007/10/19 v1.4h Standard LaTeX document class
(/usr/share/texlive/texmf-dist/tex/latex/base/size10.clo
File: size10.clo 2007/10/19 v1.4h Standard LaTeX file (size option)
)
\c@part=\count79
\c@section=\count80
\c@subsection=\count81
\c@subsubsection=\count82
\c@paragraph=\count83
\c@subparagraph=\count84
\c@figure=\count85
\c@table=\count86
\abovecaptionskip=\skip41
\belowcaptionskip=\skip42
\bibindent=\dimen102
)
(/usr/share/texlive/texmf-dist/tex/latex/natbib/natbib.sty
Package: natbib 2010/09/13 8.31b (PWD, AO)
\bibhang=\skip43
\bibsep=\skip44
LaTeX Info: Redefining \cite on input line 694.
\c@NAT@ctr=\count87
)
(/usr/share/texlive/texmf-dist/tex/latex/graphics/graphicx.sty
Package: graphicx 1999/02/16 v1.0f Enhanced LaTeX Graphics (DPC,SPQR)

(/usr/share/texlive/texmf-dist/tex/latex/graphics/keyval.sty
Package: keyval 1999/03/16 v1.13 key=value parser (DPC)
\KV@toks@=\toks14
)
(/usr/share/texlive/texmf-dist/tex/latex/graphics/graphics.sty
Package: graphics 2009/02/05 v1.0o Standard LaTeX Graphics (DPC,SPQR)

(/usr/share/texlive/texmf-dist/tex/latex/graphics/trig.sty
Package: trig 1999/03/16 v1.09 sin cos tan (DPC)
)
(/usr/share/texlive/texmf-dist/tex/latex/latexconfig/graphics.cfg
File: graphics.cfg 2010/04/23 v1.9 graphics configuration of TeX Live
)
Package graphics Info: Driver file: pdftex.def on input line 91.

(/usr/share/texlive/texmf-dist/tex/latex/pdftex-def/pdftex.def
File: pdftex.def 2011/05/27 v0.06d Graphics/color for pdfTeX

(/usr/share/texlive/texmf-dist/tex/generic/oberdiek/infwarerr.sty
Package: infwarerr 2010/04/08 v1.3 Providing info/warning/error messages (HO)
)
(/usr/share/texlive/texmf-dist/tex/generic/oberdiek/ltxcmds.sty
Package: ltxcmds 2011/11/09 v1.22 LaTeX kernel commands for general use (HO)
)
\Gread@gobject=\count88
))
\Gin@req@height=\dimen103
\Gin@req@width=\dimen104
)
(/usr/share/texlive/texmf-dist/tex/latex/caption/subcaption.sty
Package: subcaption 2013/02/03 v1.1-62 Sub-captions (AR)

(/usr/share/texlive/texmf-dist/tex/latex/caption/caption.sty
Package: caption 2013/05/02 v3.3-89 Customizing captions (AR)

(/usr/share/texlive/texmf-dist/tex/latex/caption/caption3.sty
Package: caption3 2013/05/02 v1.6-88 caption3 kernel (AR)
Package caption3 Info: TeX engine: e-TeX on input line 57.
\captionmargin=\dimen105
\captionmargin@=\dimen106
\captionwidth=\dimen107
\caption@tempdima=\dimen108
\caption@indent=\dimen109
\caption@parindent=\dimen110
\caption@hangindent=\dimen111
)
\c@ContinuedFloat=\count89
)
\c@subfigure=\count90
\c@subtable=\count91
)
(/usr/share/texlive/texmf-dist/tex/latex/float/float.sty
Package: float 2001/11/08 v1.3d Float enhancements (AL)
\c@float@type=\count92
\float@exts=\toks15
\float@box=\box26
\@float@everytoks=\toks16
\@floatcapt=\box27
)
(/usr/share/texlive/texmf-dist/tex/latex/amsmath/amsmath.sty
Package: amsmath 2013/01/14 v2.14 AMS math features
\@mathmargin=\skip45

For additional information on amsmath, use the `?' option.
(/usr/share/texlive/texmf-dist/tex/latex/amsmath/amstext.sty
Package: amstext 2000/06/29 v2.01

(/usr/share/texlive/texmf-dist/tex/latex/amsmath/amsgen.sty
File: amsgen.sty 1999/11/30 v2.0
\@emptytoks=\toks17
\ex@=\dimen112
))
(/usr/share/texlive/texmf-dist/tex/latex/amsmath/amsbsy.sty
Package: amsbsy 1999/11/29 v1.2d
\pmbraise@=\dimen113
)
(/usr/share/texlive/texmf-dist/tex/latex/amsmath/amsopn.sty
Package: amsopn 1999/12/14 v2.01 operator names
)
\inf@bad=\count93
LaTeX Info: Redefining \frac on input line 210.
\uproot@=\count94
\leftroot@=\count95
LaTeX Info: Redefining \overline on input line 306.
\classnum@=\count96
\DOTSCASE@=\count97
LaTeX Info: Redefining \ldots on input line 378.
LaTeX Info: Redefining \dots on input line 381.
LaTeX Info: Redefining \cdots on input line 466.
\Mathstrutbox@=\box28
\strutbox@=\box29
\big@size=\dimen114
LaTeX Font Info:    Redeclaring font encoding OML on input line 566.
LaTeX Font Info:    Redeclaring font encoding OMS on input line 567.
\macc@depth=\count98
\c@MaxMatrixCols=\count99
\dotsspace@=\muskip10
\c@parentequation=\count100
\dspbrk@lvl=\count101
\tag@help=\toks18
\row@=\count102
\column@=\count103
\maxfields@=\count104
\andhelp@=\toks19
\eqnshift@=\dimen115
\alignsep@=\dimen116
\tagshift@=\dimen117
\tagwidth@=\dimen118
\totwidth@=\dimen119
\lineht@=\dimen120
\@envbody=\toks20
\multlinegap=\skip46
\multlinetaggap=\skip47
\mathdisplay@stack=\toks21
LaTeX Info: Redefining \[ on input line 2665.
LaTeX Info: Redefining \] on input line 2666.
)
(/usr/share/texlive/texmf-dist/tex/latex/hyperref/hyperref.sty
Package: hyperref 2012/11/06 v6.83m Hypertext links for LaTeX

(/usr/share/texlive/texmf-dist/tex/generic/oberdiek/hobsub-hyperref.sty
Package: hobsub-hyperref 2012/05/28 v1.13 Bundle oberdiek, subset hyperref (HO)


(/usr/share/texlive/texmf-dist/tex/generic/oberdiek/hobsub-generic.sty
Package: hobsub-generic 2012/05/28 v1.13 Bundle oberdiek, subset generic (HO)
Package: hobsub 2012/05/28 v1.13 Construct package bundles (HO)
Package hobsub Info: Skipping package `infwarerr' (already loaded).
Package hobsub Info: Skipping package `ltxcmds' (already loaded).
Package: ifluatex 2010/03/01 v1.3 Provides the ifluatex switch (HO)
Package ifluatex Info: LuaTeX not detected.
Package: ifvtex 2010/03/01 v1.5 Detect VTeX and its facilities (HO)
Package ifvtex Info: VTeX not detected.
Package: intcalc 2007/09/27 v1.1 Expandable calculations with integers (HO)
Package: ifpdf 2011/01/30 v2.3 Provides the ifpdf switch (HO)
Package ifpdf Info: pdfTeX in PDF mode is detected.
Package: etexcmds 2011/02/16 v1.5 Avoid name clashes with e-TeX commands (HO)
Package etexcmds Info: Could not find \expanded.
(etexcmds)             That can mean that you are not using pdfTeX 1.50 or
(etexcmds)             that some package has redefined \expanded.
(etexcmds)             In the latter case, load this package earlier.
Package: kvsetkeys 2012/04/25 v1.16 Key value parser (HO)
Package: kvdefinekeys 2011/04/07 v1.3 Define keys (HO)
Package: pdftexcmds 2011/11/29 v0.20 Utility functions of pdfTeX for LuaTeX (HO
)
Package pdftexcmds Info: LuaTeX not detected.
Package pdftexcmds Info: \pdf@primitive is available.
Package pdftexcmds Info: \pdf@ifprimitive is available.
Package pdftexcmds Info: \pdfdraftmode found.
Package: pdfescape 2011/11/25 v1.13 Implements pdfTeX's escape features (HO)
Package: bigintcalc 2012/04/08 v1.3 Expandable calculations on big integers (HO
)
Package: bitset 2011/01/30 v1.1 Handle bit-vector datatype (HO)
Package: uniquecounter 2011/01/30 v1.2 Provide unlimited unique counter (HO)
)
Package hobsub Info: Skipping package `hobsub' (already loaded).
Package: letltxmacro 2010/09/02 v1.4 Let assignment for LaTeX macros (HO)
Package: hopatch 2012/05/28 v1.2 Wrapper for package hooks (HO)
Package: xcolor-patch 2011/01/30 xcolor patch
Package: atveryend 2011/06/30 v1.8 Hooks at the very end of document (HO)
Package atveryend Info: \enddocument detected (standard20110627).
Package: atbegshi 2011/10/05 v1.16 At begin shipout hook (HO)
Package: refcount 2011/10/16 v3.4 Data extraction from label references (HO)
Package: hycolor 2011/01/30 v1.7 Color options for hyperref/bookmark (HO)
)
(/usr/share/texlive/texmf-dist/tex/generic/ifxetex/ifxetex.sty
Package: ifxetex 2010/09/12 v0.6 Provides ifxetex conditional
)
(/usr/share/texlive/texmf-dist/tex/latex/oberdiek/auxhook.sty
Package: auxhook 2011/03/04 v1.3 Hooks for auxiliary files (HO)
)
(/usr/share/texlive/texmf-dist/tex/latex/oberdiek/kvoptions.sty
Package: kvoptions 2011/06/30 v3.11 Key value format for package options (HO)
)
\@linkdim=\dimen121
\Hy@linkcounter=\count105
\Hy@pagecounter=\count106

(/usr/share/texlive/texmf-dist/tex/latex/hyperref/pd1enc.def
File: pd1enc.def 2012/11/06 v6.83m Hyperref: PDFDocEncoding definition (HO)
)
\Hy@SavedSpaceFactor=\count107

(/usr/share/texlive/texmf-dist/tex/latex/latexconfig/hyperref.cfg
File: hyperref.cfg 2002/06/06 v1.2 hyperref configuration of TeXLive
)
Package hyperref Info: Hyper figures OFF on input line 4443.
Package hyperref Info: Link nesting OFF on input line 4448.
Package hyperref Info: Hyper index ON on input line 4451.
Package hyperref Info: Plain pages OFF on input line 4458.
Package hyperref Info: Backreferencing OFF on input line 4463.
Package hyperref Info: Implicit mode ON; LaTeX internals redefined.
Package hyperref Info: Bookmarks ON on input line 4688.
\c@Hy@tempcnt=\count108

(/usr/share/texlive/texmf-dist/tex/latex/url/url.sty
\Urlmuskip=\muskip11
Package: url 2013/09/16  ver 3.4  Verb mode for urls, etc.
)
LaTeX Info: Redefining \url on input line 5041.
\XeTeXLinkMargin=\dimen122
\Fld@menulength=\count109
\Field@Width=\dimen123
\Fld@charsize=\dimen124
Package hyperref Info: Hyper figures OFF on input line 6295.
Package hyperref Info: Link nesting OFF on input line 6300.
Package hyperref Info: Hyper index ON on input line 6303.
Package hyperref Info: backreferencing OFF on input line 6310.
Package hyperref Info: Link coloring OFF on input line 6315.
Package hyperref Info: Link coloring with OCG OFF on input line 6320.
Package hyperref Info: PDF/A mode OFF on input line 6325.
LaTeX Info: Redefining \ref on input line 6365.
LaTeX Info: Redefining \pageref on input line 6369.
\Hy@abspage=\count110
\c@Item=\count111
\c@Hfootnote=\count112
)

Package hyperref Message: Driver (autodetected): hpdftex.

(/usr/share/texlive/texmf-dist/tex/latex/hyperref/hpdftex.def
File: hpdftex.def 2012/11/06 v6.83m Hyperref driver for pdfTeX
\Fld@listcount=\count113
\c@bookmark@seq@number=\count114

(/usr/share/texlive/texmf-dist/tex/latex/oberdiek/rerunfilecheck.sty
Package: rerunfilecheck 2011/04/15 v1.7 Rerun checks for auxiliary files (HO)
Package uniquecounter Info: New unique counter `rerunfilecheck' on input line 2
82.
)
\Hy@SectionHShift=\skip48
)
(./Report.aux)
\openout1 = `Report.aux'.

LaTeX Font Info:    Checking defaults for OML/cmm/m/it on input line 14.
LaTeX Font Info:    ... okay on input line 14.
LaTeX Font Info:    Checking defaults for T1/cmr/m/n on input line 14.
LaTeX Font Info:    ... okay on input line 14.
LaTeX Font Info:    Checking defaults for OT1/cmr/m/n on input line 14.
LaTeX Font Info:    ... okay on input line 14.
LaTeX Font Info:    Checking defaults for OMS/cmsy/m/n on input line 14.
LaTeX Font Info:    ... okay on input line 14.
LaTeX Font Info:    Checking defaults for OMX/cmex/m/n on input line 14.
LaTeX Font Info:    ... okay on input line 14.
LaTeX Font Info:    Checking defaults for U/cmr/m/n on input line 14.
LaTeX Font Info:    ... okay on input line 14.
LaTeX Font Info:    Checking defaults for PD1/pdf/m/n on input line 14.
LaTeX Font Info:    ... okay on input line 14.
 (/usr/share/texlive/texmf-dist/tex/context/base/supp-pdf.mkii
[Loading MPS to PDF converter (version 2006.09.02).]
\scratchcounter=\count115
\scratchdimen=\dimen125
\scratchbox=\box30
\nofMPsegments=\count116
\nofMParguments=\count117
\everyMPshowfont=\toks22
\MPscratchCnt=\count118
\MPscratchDim=\dimen126
\MPnumerator=\count119
\makeMPintoPDFobject=\count120
\everyMPtoPDFconversion=\toks23
) (/usr/share/texlive/texmf-dist/tex/latex/oberdiek/epstopdf-base.sty
Package: epstopdf-base 2010/02/09 v2.5 Base part for package epstopdf

(/usr/share/texlive/texmf-dist/tex/latex/oberdiek/grfext.sty
Package: grfext 2010/08/19 v1.1 Manage graphics extensions (HO)
)
Package grfext Info: Graphics extension search list:
(grfext)             [.png,.pdf,.jpg,.mps,.jpeg,.jbig2,.jb2,.PNG,.PDF,.JPG,.JPE
G,.JBIG2,.JB2,.eps]
(grfext)             \AppendGraphicsExtensions on input line 452.

(/usr/share/texlive/texmf-dist/tex/latex/latexconfig/epstopdf-sys.cfg
File: epstopdf-sys.cfg 2010/07/13 v1.3 Configuration of (r)epstopdf for TeX Liv
e
))
Package caption Info: Begin \AtBeginDocument code.
Package caption Info: float package is loaded.
Package caption Info: hyperref package is loaded.
Package caption Info: End \AtBeginDocument code.
\AtBeginShipoutBox=\box31
Package hyperref Info: Link coloring OFF on input line 14.

(/usr/share/texlive/texmf-dist/tex/latex/hyperref/nameref.sty
Package: nameref 2012/10/27 v2.43 Cross-referencing by name of section

(/usr/share/texlive/texmf-dist/tex/generic/oberdiek/gettitlestring.sty
Package: gettitlestring 2010/12/03 v1.4 Cleanup title references (HO)
)
\c@section@level=\count121
)
LaTeX Info: Redefining \ref on input line 14.
LaTeX Info: Redefining \pageref on input line 14.
LaTeX Info: Redefining \nameref on input line 14.

(./Report.out) (./Report.out)
\@outlinefile=\write3
\openout3 = `Report.out'.

 [1

{/var/lib/texmf/fonts/map/pdftex/updmap/pdftex.map}] [2] [3] [4] [5]

LaTeX Warning: `h' float specifier changed to `ht'.

[6] <../Fig5/000.png, id=139, 578.16pt x 433.62pt>
File: ../Fig5/000.png Graphic file (type png)
 <use ../Fig5/000.png>
Package pdftex.def Info: ../Fig5/000.png used on input line 222.
(pdftex.def)             Requested size: 129.375pt x 97.03096pt.

<../Fig5/050.png, id=141, 578.16pt x 433.62pt>
File: ../Fig5/050.png Graphic file (type png)
 <use ../Fig5/050.png>
Package pdftex.def Info: ../Fig5/050.png used on input line 227.
(pdftex.def)             Requested size: 129.375pt x 97.03096pt.

<../Fig5/100.png, id=142, 578.16pt x 433.62pt>
File: ../Fig5/100.png Graphic file (type png)
 <use ../Fig5/100.png>
Package pdftex.def Info: ../Fig5/100.png used on input line 232.
(pdftex.def)             Requested size: 129.375pt x 97.03096pt.

<../Fig5/199.png, id=143, 578.16pt x 433.62pt>
File: ../Fig5/199.png Graphic file (type png)
 <use ../Fig5/199.png>
Package pdftex.def Info: ../Fig5/199.png used on input line 236.
(pdftex.def)             Requested size: 129.375pt x 97.03096pt.

Overfull \hbox (2.22221pt too wide) in paragraph at lines 220--238
[][] []
 []

<../Fig7/000.png, id=144, 578.16pt x 433.62pt>
File: ../Fig7/000.png Graphic file (type png)
 <use ../Fig7/000.png>
Package pdftex.def Info: ../Fig7/000.png used on input line 244.
(pdftex.def)             Requested size: 129.375pt x 97.03096pt.

<../Fig7/025.png, id=145, 578.16pt x 433.62pt>
File: ../Fig7/025.png Graphic file (type png)
 <use ../Fig7/025.png>
Package pdftex.def Info: ../Fig7/025.png used on input line 249.
(pdftex.def)             Requested size: 129.375pt x 97.03096pt.

<../Fig7/050.png, id=146, 578.16pt x 433.62pt>
File: ../Fig7/050.png Graphic file (type png)
 <use ../Fig7/050.png>
Package pdftex.def Info: ../Fig7/050.png used on input line 254.
(pdftex.def)             Requested size: 129.375pt x 97.03096pt.

<../Fig7/075.png, id=147, 578.16pt x 433.62pt>
File: ../Fig7/075.png Graphic file (type png)
 <use ../Fig7/075.png>
Package pdftex.def Info: ../Fig7/075.png used on input line 258.
(pdftex.def)             Requested size: 129.375pt x 97.03096pt.

Overfull \hbox (2.22221pt too wide) in paragraph at lines 242--260
[][] []
 []


LaTeX Warning: `!h' float specifier changed to `!ht'.

<../Fig6/000.png, id=148, 578.16pt x 433.62pt>
File: ../Fig6/000.png Graphic file (type png)
 <use ../Fig6/000.png>
Package pdftex.def Info: ../Fig6/000.png used on input line 266.
(pdftex.def)             Requested size: 129.375pt x 97.03096pt.

<../Fig6/050.png, id=149, 578.16pt x 433.62pt>
File: ../Fig6/050.png Graphic file (type png)
 <use ../Fig6/050.png>
Package pdftex.def Info: ../Fig6/050.png used on input line 271.
(pdftex.def)             Requested size: 129.375pt x 97.03096pt.

<../Fig6/100.png, id=150, 578.16pt x 433.62pt>
File: ../Fig6/100.png Graphic file (type png)
 <use ../Fig6/100.png>
Package pdftex.def Info: ../Fig6/100.png used on input line 276.
(pdftex.def)             Requested size: 129.375pt x 97.03096pt.

<../Fig6/199.png, id=151, 578.16pt x 433.62pt>
File: ../Fig6/199.png Graphic file (type png)
 <use ../Fig6/199.png>
Package pdftex.def Info: ../Fig6/199.png used on input line 280.
(pdftex.def)             Requested size: 129.375pt x 97.03096pt.

Overfull \hbox (2.22221pt too wide) in paragraph at lines 264--282
[][] []
 []


LaTeX Warning: `!h' float specifier changed to `!ht'.

<../rho_profile_1.png, id=152, 586.8324pt x 442.2924pt>
File: ../rho_profile_1.png Graphic file (type png)

<use ../rho_profile_1.png>
Package pdftex.def Info: ../rho_profile_1.png used on input line 288.
(pdftex.def)             Requested size: 129.375pt x 97.5071pt.

<../rho_profile_2.png, id=153, 586.8324pt x 442.2924pt>
File: ../rho_profile_2.png Graphic file (type png)

<use ../rho_profile_2.png>
Package pdftex.def Info: ../rho_profile_2.png used on input line 293.
(pdftex.def)             Requested size: 129.375pt x 97.5071pt.

Overfull \hbox (2.22221pt too wide) in paragraph at lines 286--296
[][] [] 
 []


LaTeX Warning: `h' float specifier changed to `ht'.

[7 <../Fig5/000.png> <../Fig5/050.png> <../Fig5/100.png> <../Fig5/199.png>]
<../Fig1/000.png, id=165, 586.8324pt x 442.2924pt>
File: ../Fig1/000.png Graphic file (type png)
 <use ../Fig1/000.png>
Package pdftex.def Info: ../Fig1/000.png used on input line 304.
(pdftex.def)             Requested size: 129.375pt x 97.5071pt.

<../Fig1/050.png, id=166, 586.8324pt x 442.2924pt>
File: ../Fig1/050.png Graphic file (type png)
 <use ../Fig1/050.png>
Package pdftex.def Info: ../Fig1/050.png used on input line 309.
(pdftex.def)             Requested size: 129.375pt x 97.5071pt.

<../Fig1/100.png, id=167, 586.8324pt x 442.2924pt>
File: ../Fig1/100.png Graphic file (type png)
 <use ../Fig1/100.png>
Package pdftex.def Info: ../Fig1/100.png used on input line 314.
(pdftex.def)             Requested size: 129.375pt x 97.5071pt.

<../Fig1/199.png, id=168, 586.8324pt x 442.2924pt>
File: ../Fig1/199.png Graphic file (type png)
 <use ../Fig1/199.png>
Package pdftex.def Info: ../Fig1/199.png used on input line 318.
(pdftex.def)             Requested size: 129.375pt x 97.5071pt.

Overfull \hbox (2.22221pt too wide) in paragraph at lines 302--320
[][] []
 []


LaTeX Warning: `h' float specifier changed to `ht'.

<../Fig2/000.png, id=169, 586.8324pt x 442.2924pt>
File: ../Fig2/000.png Graphic file (type png)
 <use ../Fig2/000.png>
Package pdftex.def Info: ../Fig2/000.png used on input line 326.
(pdftex.def)             Requested size: 129.375pt x 97.5071pt.

<../Fig2/050.png, id=170, 586.8324pt x 442.2924pt>
File: ../Fig2/050.png Graphic file (type png)
 <use ../Fig2/050.png>
Package pdftex.def Info: ../Fig2/050.png used on input line 331.
(pdftex.def)             Requested size: 129.375pt x 97.5071pt.

<../Fig2/100.png, id=171, 586.8324pt x 442.2924pt>
File: ../Fig2/100.png Graphic file (type png)
 <use ../Fig2/100.png>
Package pdftex.def Info: ../Fig2/100.png used on input line 336.
(pdftex.def)             Requested size: 129.375pt x 97.5071pt.

<../Fig2/199.png, id=172, 586.8324pt x 442.2924pt>
File: ../Fig2/199.png Graphic file (type png)
 <use ../Fig2/199.png>
Package pdftex.def Info: ../Fig2/199.png used on input line 340.
(pdftex.def)             Requested size: 129.375pt x 97.5071pt.

Overfull \hbox (2.22221pt too wide) in paragraph at lines 324--342
[][] []
 []


LaTeX Warning: `!h' float specifier changed to `!ht'.

[8 <../Fig7/000.png> <../Fig7/025.png> <../Fig7/050.png> <../Fig7/075.png> <../
Fig6/000.png> <../Fig6/050.png> <../Fig6/100.png> <../Fig6/199.png>]
<../Fig3/000.png, id=189, 586.8324pt x 442.2924pt>
File: ../Fig3/000.png Graphic file (type png)
 <use ../Fig3/000.png>
Package pdftex.def Info: ../Fig3/000.png used on input line 352.
(pdftex.def)             Requested size: 129.375pt x 97.5071pt.

<../Fig3/050.png, id=190, 586.8324pt x 442.2924pt>
File: ../Fig3/050.png Graphic file (type png)
 <use ../Fig3/050.png>
Package pdftex.def Info: ../Fig3/050.png used on input line 357.
(pdftex.def)             Requested size: 129.375pt x 97.5071pt.

<../Fig3/100.png, id=191, 586.8324pt x 442.2924pt>
File: ../Fig3/100.png Graphic file (type png)
 <use ../Fig3/100.png>
Package pdftex.def Info: ../Fig3/100.png used on input line 362.
(pdftex.def)             Requested size: 129.375pt x 97.5071pt.

<../Fig3/199.png, id=192, 586.8324pt x 442.2924pt>
File: ../Fig3/199.png Graphic file (type png)
 <use ../Fig3/199.png>
Package pdftex.def Info: ../Fig3/199.png used on input line 366.
(pdftex.def)             Requested size: 129.375pt x 97.5071pt.

Overfull \hbox (2.22221pt too wide) in paragraph at lines 350--368
[][] []
 []

<../Fig4/000.png, id=193, 586.8324pt x 442.2924pt>
File: ../Fig4/000.png Graphic file (type png)
 <use ../Fig4/000.png>
Package pdftex.def Info: ../Fig4/000.png used on input line 374.
(pdftex.def)             Requested size: 129.375pt x 97.5071pt.

<../Fig4/050.png, id=194, 586.8324pt x 442.2924pt>
File: ../Fig4/050.png Graphic file (type png)
 <use ../Fig4/050.png>
Package pdftex.def Info: ../Fig4/050.png used on input line 379.
(pdftex.def)             Requested size: 129.375pt x 97.5071pt.

<../Fig4/100.png, id=195, 586.8324pt x 442.2924pt>
File: ../Fig4/100.png Graphic file (type png)
 <use ../Fig4/100.png>
Package pdftex.def Info: ../Fig4/100.png used on input line 384.
(pdftex.def)             Requested size: 129.375pt x 97.5071pt.

<../Fig4/199.png, id=196, 586.8324pt x 442.2924pt>
File: ../Fig4/199.png Graphic file (type png)
 <use ../Fig4/199.png>
Package pdftex.def Info: ../Fig4/199.png used on input line 388.
(pdftex.def)             Requested size: 129.375pt x 97.5071pt.

Overfull \hbox (2.22221pt too wide) in paragraph at lines 372--390
[][] []
 []


LaTeX Warning: `!h' float specifier changed to `!ht'.

[9 <../rho_profile_1.png> <../rho_profile_2.png>] [10 <../Fig1/000.png> <../Fig
1/050.png> <../Fig1/100.png> <../Fig1/199.png> <../Fig2/000.png> <../Fig2/050.p
ng> <../Fig2/100.png> <../Fig2/199.png>] [11 <../Fig3/000.png> <../Fig3/050.png
> <../Fig3/100.png> <../Fig3/199.png> <../Fig4/000.png> <../Fig4/050.png> <../F
ig4/100.png> <../Fig4/199.png>] [12

] [13] (./Report.bbl)
Package atveryend Info: Empty hook `BeforeClearDocument' on input line 419.
 [14]
Package atveryend Info: Empty hook `AfterLastShipout' on input line 419.
 (./Report.aux)
Package atveryend Info: Executing hook `AtVeryEndDocument' on input line 419.
Package atveryend Info: Executing hook `AtEndAfterFileList' on input line 419.
Package rerunfilecheck Info: File `Report.out' has not changed.
(rerunfilecheck)             Checksum: 5429A091609CD859578751EEA74E69A4;442.
Package atveryend Info: Empty hook `AtVeryVeryEnd' on input line 419.
 ) 
Here is how much of TeX's memory you used:
 7314 strings out of 493304
 109554 string characters out of 6139871
 202130 words of memory out of 5000000
 10631 multiletter control sequences out of 15000+600000
 9836 words of font info for 36 fonts, out of 8000000 for 9000
 957 hyphenation exceptions out of 8191
 42i,8n,40p,1238b,403s stack positions out of 5000i,500n,10000p,200000b,80000s
</usr/share/texlive/texmf-dist/fonts/type1/public/amsfonts/cm/cmbx12.pfb></us
r/share/texlive/texmf-dist/fonts/type1/public/amsfonts/cm/cmbx9.pfb></usr/share
/texlive/texmf-dist/fonts/type1/public/amsfonts/cm/cmex10.pfb></usr/share/texli
ve/texmf-dist/fonts/type1/public/amsfonts/cm/cmmi10.pfb></usr/share/texlive/tex
mf-dist/fonts/type1/public/amsfonts/cm/cmmi5.pfb></usr/share/texlive/texmf-dist
/fonts/type1/public/amsfonts/cm/cmmi7.pfb></usr/share/texlive/texmf-dist/fonts/
type1/public/amsfonts/cm/cmr10.pfb></usr/share/texlive/texmf-dist/fonts/type1/p
ublic/amsfonts/cm/cmr12.pfb></usr/share/texlive/texmf-dist/fonts/type1/public/a
msfonts/cm/cmr17.pfb></usr/share/texlive/texmf-dist/fonts/type1/public/amsfonts
/cm/cmr5.pfb></usr/share/texlive/texmf-dist/fonts/type1/public/amsfonts/cm/cmr6
.pfb></usr/share/texlive/texmf-dist/fonts/type1/public/amsfonts/cm/cmr7.pfb></u
sr/share/texlive/texmf-dist/fonts/type1/public/amsfonts/cm/cmr8.pfb></usr/share
/texlive/texmf-dist/fonts/type1/public/amsfonts/cm/cmr9.pfb></usr/share/texlive
/texmf-dist/fonts/type1/public/amsfonts/cm/cmsy10.pfb></usr/share/texlive/texmf
-dist/fonts/type1/public/amsfonts/cm/cmsy5.pfb></usr/share/texlive/texmf-dist/f
onts/type1/public/amsfonts/cm/cmsy7.pfb></usr/share/texlive/texmf-dist/fonts/ty
pe1/public/amsfonts/cm/cmti10.pfb></usr/share/texlive/texmf-dist/fonts/type1/pu
blic/amsfonts/cm/cmtt8.pfb>
Output written on Report.pdf (14 pages, 1306567 bytes).
PDF statistics:
 327 PDF objects out of 1000 (max. 8388607)
 229 compressed objects within 3 object streams
 72 named destinations out of 1000 (max. 500000)
 215 words of extra memory for PDF output out of 10000 (max. 10000000)

